Build started 30.09.2013 22:19:36.
     1>Project "D:\SVN\Gens-rr\ gens-rerecording\Gens\Starscream\Main68k\MainStar.vcxproj" on node 3 (rebuild target(s)).
     1>_PrepareForClean:
         Deleting file ".\Release\MainStar.lastbuildstate".
       InitializeBuildStatus:
         Creating ".\Release\MainStar.unsuccessfulbuild" because "AlwaysCreate" was specified.
       ClCompile:
         C:\Program Files\Microsoft Visual Studio 10.0\VC\bin\CL.exe /c /Zi /nologo /W3 /WX- /O2 /Ob1 /Oy- /D WIN32 /D NDEBUG /D _CONSOLE /D _VC80_UPGRADE=0x0710 /D _MBCS /GF /Gm- /EHsc /MT /GS /Gy /fp:precise /Zc:wchar_t /Zc:forScope /Fo".\Release/" /Fd".\Release/vc100.pdb" /Gd /TC /analyze- /errorReport:prompt Star.c /D "_CRT_SECURE_NO_DEPRECATE" 
         Star.c
       Link:
         C:\Program Files\Microsoft Visual Studio 10.0\VC\bin\link.exe /ERRORREPORT:PROMPT /OUT:".\Release/MainStar.exe" /INCREMENTAL:NO /NOLOGO kernel32.lib user32.lib gdi32.lib winspool.lib comdlg32.lib advapi32.lib shell32.lib ole32.lib oleaut32.lib uuid.lib odbc32.lib odbccp32.lib /MANIFEST:NO /PDB:".\Release/Star.pdb" /SUBSYSTEM:CONSOLE /TLBID:1 /DYNAMICBASE:NO /IMPLIB:".\Release\MainStar.lib" /MACHINE:X86 .\Release/Star.obj /NODEFAULTLIB:MSVCR80.dll;cinitexe.obj; 
         MainStar.vcxproj -> D:\SVN\Gens-rr\ gens-rerecording\Gens\Starscream\Main68k\.\Release\MainStar.exe
       PostBuildEvent:
         Description: Generating Main68k Starscream Assembly
         Release\MainStar.exe main68k.asm -quiet -hog -name main68k_
         :VCEnd
       FinalizeBuildStatus:
         Deleting file ".\Release\MainStar.unsuccessfulbuild".
         Touching ".\Release\MainStar.lastbuildstate".
     1>Done Building Project "D:\SVN\Gens-rr\ gens-rerecording\Gens\Starscream\Main68k\MainStar.vcxproj" (rebuild target(s)).

Build succeeded.

Time Elapsed 00:00:02.18
