Build started 30.09.2013 22:18:10.
     1>Project "D:\SVN\Gens-rr\ gens-rerecording\Gens\7z\7zip.vcxproj" on node 3 (rebuild target(s)).
     1>_PrepareForClean:
         Deleting file ".\Debug\lib7zip.lastbuildstate".
       InitializeBuildStatus:
         Creating ".\Debug\lib7zip.unsuccessfulbuild" because "AlwaysCreate" was specified.
       ClCompile:
         C:\Program Files\Microsoft Visual Studio 10.0\VC\bin\CL.exe /c /ICPP /Zi /nologo /W3 /WX- /Od /Oy- /D WIN32 /D _DEBUG /D _WINDOWS /D _CRT_SECURE_NO_DEPRECATE /D EXTRACT_ONLY /D _NO_CRYPTO /D _VC80_UPGRADE=0x0710 /GF- /Gm- /EHsc /RTCc /RTC1 /MT /GS /Gy- /fp:precise /Zc:wchar_t /Zc:forScope /Yc"StdAfx.h" /Fp".\Debug/7z.pch" /Fo".\Debug/" /Fd".\Debug/vc100.pdb" /Gd /TP /analyze- /Zl /errorReport:prompt CPP\7zip\Archive\ArchiveExports.cpp
         ArchiveExports.cpp
         C:\Program Files\Microsoft Visual Studio 10.0\VC\bin\CL.exe /c /ICPP /Zi /nologo /W3 /WX- /Od /Oy- /D WIN32 /D _DEBUG /D _WINDOWS /D _CRT_SECURE_NO_DEPRECATE /D EXTRACT_ONLY /D _NO_CRYPTO /D _VC80_UPGRADE=0x0710 /GF- /Gm- /EHsc /RTCc /RTC1 /MT /GS /Gy- /fp:precise /Zc:wchar_t /Zc:forScope /Yu"StdAfx.h" /Fp".\Debug/7z.pch" /Fo".\Debug/" /Fd".\Debug/vc100.pdb" /Gd /TP /analyze- /Zl /errorReport:prompt CPP\7zip\Common\FilterCoder.cpp CPP\7zip\Common\InBuffer.cpp CPP\7zip\Common\InOutTempBuffer.cpp CPP\7zip\Common\LimitedStreams.cpp CPP\7zip\Common\LockedStream.cpp CPP\7zip\Common\MemBlocks.cpp CPP\7zip\Common\MethodId.cpp CPP\7zip\Common\MethodProps.cpp CPP\7zip\Common\OffsetStream.cpp CPP\7zip\Common\OutBuffer.cpp CPP\7zip\Common\OutMemStream.cpp CPP\7zip\Common\ProgressMt.cpp CPP\7zip\Common\ProgressUtils.cpp CPP\7zip\Common\StreamBinder.cpp CPP\7zip\Common\StreamObjects.cpp CPP\7zip\Common\StreamUtils.cpp CPP\7zip\Common\VirtThread.cpp CPP\Windows\FileDir.cpp CPP\Windows\FileFind.cpp CPP\Windows\FileIO.cpp CPP\Windows\PropVariant.cpp CPP\Windows\Time.cpp CPP\7zip\Archive\7z\7zCompressionMode.cpp CPP\7zip\Archive\7z\7zDecode.cpp CPP\7zip\Archive\7z\7zExtract.cpp CPP\7zip\Archive\7z\7zFolderInStream.cpp CPP\7zip\Archive\7z\7zFolderOutStream.cpp CPP\7zip\Archive\7z\7zHandler.cpp CPP\7zip\Archive\7z\7zHeader.cpp CPP\7zip\Archive\7z\7zIn.cpp CPP\7zip\Archive\7z\7zProperties.cpp CPP\7zip\Archive\7z\7zSpecStream.cpp CPP\7zip\Archive\Rar\RarHandler.cpp CPP\7zip\Archive\Rar\RarHeader.cpp CPP\7zip\Archive\Rar\RarIn.cpp CPP\7zip\Archive\Rar\RarItem.cpp CPP\7zip\Archive\Rar\RarVolumeInStream.cpp CPP\7zip\Archive\BZip2\BZip2Handler.cpp CPP\7zip\Archive\Common\CoderMixer2.cpp CPP\7zip\Archive\Common\CoderMixer2MT.cpp CPP\7zip\Archive\Common\DummyOutStream.cpp CPP\7zip\Archive\Common\FindSignature.cpp CPP\7zip\Archive\Common\InStreamWithCRC.cpp CPP\7zip\Archive\Common\ItemNameUtils.cpp CPP\7zip\Archive\Common\MultiStream.cpp CPP\7zip\Archive\Common\OutStreamWithCRC.cpp CPP\7zip\Archive\Common\ParseProperties.cpp CPP\7zip\Archive\GZip\GZipHandler.cpp CPP\7zip\Archive\GZip\GZipHeader.cpp CPP\7zip\Archive\GZip\GZipIn.cpp CPP\7zip\Archive\Lzh\LzhCRC.cpp CPP\7zip\Archive\Lzh\LzhHandler.cpp CPP\7zip\Archive\Lzh\LzhIn.cpp CPP\7zip\Archive\Lzh\LzhOutStreamWithCRC.cpp CPP\7zip\Archive\Split\SplitHandler.cpp CPP\7zip\Archive\Tar\TarHandler.cpp CPP\7zip\Archive\Tar\TarHeader.cpp CPP\7zip\Archive\Tar\TarIn.cpp CPP\7zip\Archive\Zip\ZipHandler.cpp CPP\7zip\Archive\Zip\ZipHeader.cpp CPP\7zip\Archive\Zip\ZipIn.cpp CPP\7zip\Archive\Zip\ZipItem.cpp CPP\7zip\Archive\Lzma\LzmaFiltersDecode.cpp CPP\7zip\Archive\Lzma\LzmaHandler.cpp CPP\7zip\Archive\Lzma\LzmaIn.cpp CPP\Common\CRC.cpp CPP\Common\IntToString.cpp CPP\Common\MyMap.cpp CPP\Common\MyString.cpp CPP\Common\MyVector.cpp CPP\Common\MyXml.cpp CPP\Common\NewHandler.cpp CPP\Common\StringConvert.cpp CPP\Common\StringToInt.cpp CPP\Common\UTFConvert.cpp CPP\Common\Wildcard.cpp CPP\7zip\Compress\LzhDecoder.cpp CPP\7zip\Compress\LzOutWindow.cpp CPP\7zip\Compress\PpmdDecoder.cpp CPP\7zip\Compress\BitlDecoder.cpp CPP\7zip\Compress\Rar1Decoder.cpp CPP\7zip\Compress\Rar2Decoder.cpp CPP\7zip\Compress\Rar3Decoder.cpp CPP\7zip\Compress\Rar3Vm.cpp CPP\7zip\Compress\BZip2Crc.cpp CPP\7zip\Compress\BZip2Decoder.cpp CPP\7zip\Compress\DeflateDecoder.cpp CPP\7zip\Compress\ImplodeDecoder.cpp CPP\7zip\Compress\ImplodeHuffmanDecoder.cpp CPP\7zip\Compress\ShrinkDecoder.cpp CPP\7zip\Compress\ZlibDecoder.cpp CPP\7zip\Compress\Bcj2Coder.cpp CPP\7zip\Compress\BcjCoder.cpp CPP\7zip\Compress\BranchCoder.cpp CPP\7zip\Compress\BranchMisc.cpp CPP\7zip\Compress\ByteSwap.cpp CPP\7zip\Compress\CopyCoder.cpp CPP\7zip\Compress\LzmaDecoder.cpp CPP\7zip\Crypto\7zAes.cpp CPP\7zip\Crypto\HmacSha1.cpp CPP\7zip\Crypto\MyAes.cpp CPP\7zip\Crypto\Pbkdf2HmacSha1.cpp CPP\7zip\Crypto\RandGen.cpp CPP\7zip\Crypto\Rar20Crypto.cpp CPP\7zip\Crypto\RarAes.cpp CPP\7zip\Crypto\Sha1.cpp CPP\7zip\Crypto\WzAes.cpp CPP\7zip\Crypto\ZipCrypto.cpp CPP\7zip\Crypto\ZipStrong.cpp CPP\7zip\Crypto\7zAesRegister.cpp CPP\7zip\Archive\7z\7zRegister.cpp CPP\7zip\Compress\Bcj2Register.cpp CPP\7zip\Compress\BcjRegister.cpp CPP\7zip\Compress\BranchRegister.cpp CPP\7zip\Compress\ByteSwapRegister.cpp CPP\7zip\Archive\BZip2\bz2Register.cpp CPP\7zip\Compress\BZip2Register.cpp CPP\7zip\Compress\CodecExports.cpp CPP\7zip\Compress\CopyRegister.cpp CPP\7zip\Common\CreateCoder.cpp CPP\7zip\Compress\Deflate64Register.cpp CPP\7zip\Compress\DeflateNsisRegister.cpp CPP\7zip\Compress\DeflateRegister.cpp CPP\7zip\Archive\DllExports2.cpp CPP\7zip\Archive\GZip\GZipRegister.cpp CPP\7zip\Archive\Lzh\LzhRegister.cpp CPP\7zip\Archive\Lzma\LzmaArcRegister.cpp CPP\7zip\Compress\LzmaRegister.cpp CPP\7zip\Compress\PpmdRegister.cpp CPP\7zip\Compress\RarCodecsRegister.cpp CPP\7zip\Archive\Rar\RarRegister.cpp CPP\7zip\Archive\Split\SplitRegister.cpp CPP\7zip\Archive\Tar\TarRegister.cpp CPP\7zip\Archive\Zip\ZipRegister.cpp
         FilterCoder.cpp
         InBuffer.cpp
         InOutTempBuffer.cpp
         LimitedStreams.cpp
         LockedStream.cpp
         MemBlocks.cpp
         MethodId.cpp
         MethodProps.cpp
         OffsetStream.cpp
         OutBuffer.cpp
         OutMemStream.cpp
         ProgressMt.cpp
         ProgressUtils.cpp
         StreamBinder.cpp
         StreamObjects.cpp
         StreamUtils.cpp
         VirtThread.cpp
         FileDir.cpp
         FileFind.cpp
         FileIO.cpp
         Generating Code...
         Compiling...
         PropVariant.cpp
         Time.cpp
         7zCompressionMode.cpp
         7zDecode.cpp
         7zExtract.cpp
         7zFolderInStream.cpp
         7zFolderOutStream.cpp
         7zHandler.cpp
         7zHeader.cpp
         7zIn.cpp
         7zProperties.cpp
         7zSpecStream.cpp
         RarHandler.cpp
         RarHeader.cpp
         RarIn.cpp
         RarItem.cpp
         RarVolumeInStream.cpp
         BZip2Handler.cpp
         CoderMixer2.cpp
         CoderMixer2MT.cpp
         Generating Code...
         Compiling...
         DummyOutStream.cpp
         FindSignature.cpp
         InStreamWithCRC.cpp
         ItemNameUtils.cpp
         MultiStream.cpp
         OutStreamWithCRC.cpp
         ParseProperties.cpp
         GZipHandler.cpp
         GZipHeader.cpp
         GZipIn.cpp
         LzhCRC.cpp
         LzhHandler.cpp
         LzhIn.cpp
         LzhOutStreamWithCRC.cpp
         SplitHandler.cpp
         TarHandler.cpp
         TarHeader.cpp
         TarIn.cpp
         ZipHandler.cpp
         ZipHeader.cpp
         Generating Code...
         Compiling...
         ZipIn.cpp
         ZipItem.cpp
         LzmaFiltersDecode.cpp
         LzmaHandler.cpp
         LzmaIn.cpp
         CRC.cpp
         IntToString.cpp
         MyMap.cpp
         MyString.cpp
         MyVector.cpp
         MyXml.cpp
         NewHandler.cpp
         StringConvert.cpp
         StringToInt.cpp
         UTFConvert.cpp
         Wildcard.cpp
         LzhDecoder.cpp
         LzOutWindow.cpp
         PpmdDecoder.cpp
         BitlDecoder.cpp
         Generating Code...
         Compiling...
         Rar1Decoder.cpp
         Rar2Decoder.cpp
         Rar3Decoder.cpp
         Rar3Vm.cpp
         BZip2Crc.cpp
         BZip2Decoder.cpp
         DeflateDecoder.cpp
         ImplodeDecoder.cpp
         ImplodeHuffmanDecoder.cpp
         ShrinkDecoder.cpp
         ZlibDecoder.cpp
         Bcj2Coder.cpp
         BcjCoder.cpp
         BranchCoder.cpp
         BranchMisc.cpp
         ByteSwap.cpp
         CopyCoder.cpp
         LzmaDecoder.cpp
         7zAes.cpp
         HmacSha1.cpp
         Generating Code...
         Compiling...
         MyAes.cpp
         Pbkdf2HmacSha1.cpp
         RandGen.cpp
         Rar20Crypto.cpp
         RarAes.cpp
         Sha1.cpp
         WzAes.cpp
         ZipCrypto.cpp
         ZipStrong.cpp
         7zAesRegister.cpp
         7zRegister.cpp
         Bcj2Register.cpp
         BcjRegister.cpp
         BranchRegister.cpp
         ByteSwapRegister.cpp
         bz2Register.cpp
         BZip2Register.cpp
         CodecExports.cpp
         CopyRegister.cpp
         CreateCoder.cpp
         Generating Code...
         Compiling...
         Deflate64Register.cpp
         DeflateNsisRegister.cpp
         DeflateRegister.cpp
         DllExports2.cpp
         GZipRegister.cpp
         LzhRegister.cpp
         LzmaArcRegister.cpp
         LzmaRegister.cpp
         PpmdRegister.cpp
         RarCodecsRegister.cpp
         RarRegister.cpp
         SplitRegister.cpp
         TarRegister.cpp
         ZipRegister.cpp
         Generating Code...
         C:\Program Files\Microsoft Visual Studio 10.0\VC\bin\CL.exe /c /ICPP /Zi /nologo /W3 /WX- /Od /Oy- /D WIN32 /D _DEBUG /D _WINDOWS /D _CRT_SECURE_NO_DEPRECATE /D EXTRACT_ONLY /D _NO_CRYPTO /D _VC80_UPGRADE=0x0710 /GF- /Gm- /EHsc /RTCc /RTC1 /MT /GS /Gy- /fp:precise /Zc:wchar_t /Zc:forScope /Fo".\Debug/" /Fd".\Debug/vc100.pdb" /Gd /TC /analyze- /Zl /errorReport:prompt C\7zCrc.c C\Aes.c C\Alloc.c C\Bra.c C\Bra86.c C\BraIA64.c C\BwtSort.c C\HuffEnc.c C\LzFind.c C\LzFindMt.c C\LzmaDec.c C\LzmaEnc.c C\Sha256.c C\Sort.c C\Threads.c
         7zCrc.c
         Aes.c
         Alloc.c
         Bra.c
         Bra86.c
         BraIA64.c
         BwtSort.c
         HuffEnc.c
         LzFind.c
         LzFindMt.c
         LzmaDec.c
         LzmaEnc.c
         Sha256.c
         Sort.c
         Threads.c
         Generating Code...
       Lib:
         C:\Program Files\Microsoft Visual Studio 10.0\VC\bin\Lib.exe /OUT:".\Debug\lib7zip.lib" /NOLOGO .\Debug/FilterCoder.obj
         .\Debug/InBuffer.obj
         .\Debug/InOutTempBuffer.obj
         .\Debug/LimitedStreams.obj
         .\Debug/LockedStream.obj
         .\Debug/MemBlocks.obj
         .\Debug/MethodId.obj
         .\Debug/MethodProps.obj
         .\Debug/OffsetStream.obj
         .\Debug/OutBuffer.obj
         .\Debug/OutMemStream.obj
         .\Debug/ProgressMt.obj
         .\Debug/ProgressUtils.obj
         .\Debug/StreamBinder.obj
         .\Debug/StreamObjects.obj
         .\Debug/StreamUtils.obj
         .\Debug/VirtThread.obj
         .\Debug/FileDir.obj
         .\Debug/FileFind.obj
         .\Debug/FileIO.obj
         .\Debug/PropVariant.obj
         .\Debug/Time.obj
         .\Debug/7zCompressionMode.obj
         .\Debug/7zDecode.obj
         .\Debug/7zExtract.obj
         .\Debug/7zFolderInStream.obj
         .\Debug/7zFolderOutStream.obj
         .\Debug/7zHandler.obj
         .\Debug/7zHeader.obj
         .\Debug/7zIn.obj
         .\Debug/7zProperties.obj
         .\Debug/7zSpecStream.obj
         .\Debug/RarHandler.obj
         .\Debug/RarHeader.obj
         .\Debug/RarIn.obj
         .\Debug/RarItem.obj
         .\Debug/RarVolumeInStream.obj
         .\Debug/BZip2Handler.obj
         .\Debug/CoderMixer2.obj
         .\Debug/CoderMixer2MT.obj
         .\Debug/DummyOutStream.obj
         .\Debug/FindSignature.obj
         .\Debug/InStreamWithCRC.obj
         .\Debug/ItemNameUtils.obj
         .\Debug/MultiStream.obj
         .\Debug/OutStreamWithCRC.obj
         .\Debug/ParseProperties.obj
         .\Debug/GZipHandler.obj
         .\Debug/GZipHeader.obj
         .\Debug/GZipIn.obj
         .\Debug/LzhCRC.obj
         .\Debug/LzhHandler.obj
         .\Debug/LzhIn.obj
         .\Debug/LzhOutStreamWithCRC.obj
         .\Debug/SplitHandler.obj
         .\Debug/TarHandler.obj
         .\Debug/TarHeader.obj
         .\Debug/TarIn.obj
         .\Debug/ZipHandler.obj
         .\Debug/ZipHeader.obj
         .\Debug/ZipIn.obj
         .\Debug/ZipItem.obj
         .\Debug/LzmaFiltersDecode.obj
         .\Debug/LzmaHandler.obj
         .\Debug/LzmaIn.obj
         .\Debug/7zCrc.obj
         .\Debug/Aes.obj
         .\Debug/Alloc.obj
         .\Debug/Bra.obj
         .\Debug/Bra86.obj
         .\Debug/BraIA64.obj
         .\Debug/BwtSort.obj
         .\Debug/HuffEnc.obj
         .\Debug/LzFind.obj
         .\Debug/LzFindMt.obj
         .\Debug/LzmaDec.obj
         .\Debug/LzmaEnc.obj
         .\Debug/Sha256.obj
         .\Debug/Sort.obj
         .\Debug/Threads.obj
         .\Debug/CRC.obj
         .\Debug/IntToString.obj
         .\Debug/MyMap.obj
         .\Debug/MyString.obj
         .\Debug/MyVector.obj
         .\Debug/MyXml.obj
         .\Debug/NewHandler.obj
         .\Debug/StringConvert.obj
         .\Debug/StringToInt.obj
         .\Debug/UTFConvert.obj
         .\Debug/Wildcard.obj
         .\Debug/LzhDecoder.obj
         .\Debug/LzOutWindow.obj
         .\Debug/PpmdDecoder.obj
         .\Debug/BitlDecoder.obj
         .\Debug/Rar1Decoder.obj
         .\Debug/Rar2Decoder.obj
         .\Debug/Rar3Decoder.obj
         .\Debug/Rar3Vm.obj
         .\Debug/BZip2Crc.obj
         .\Debug/BZip2Decoder.obj
         .\Debug/DeflateDecoder.obj
         .\Debug/ImplodeDecoder.obj
         .\Debug/ImplodeHuffmanDecoder.obj
         .\Debug/ShrinkDecoder.obj
         .\Debug/ZlibDecoder.obj
         .\Debug/Bcj2Coder.obj
         .\Debug/BcjCoder.obj
         .\Debug/BranchCoder.obj
         .\Debug/BranchMisc.obj
         .\Debug/ByteSwap.obj
         .\Debug/CopyCoder.obj
         .\Debug/LzmaDecoder.obj
         .\Debug/7zAes.obj
         .\Debug/HmacSha1.obj
         .\Debug/MyAes.obj
         .\Debug/Pbkdf2HmacSha1.obj
         .\Debug/RandGen.obj
         .\Debug/Rar20Crypto.obj
         .\Debug/RarAes.obj
         .\Debug/Sha1.obj
         .\Debug/WzAes.obj
         .\Debug/ZipCrypto.obj
         .\Debug/ZipStrong.obj
         .\Debug/7zAesRegister.obj
         .\Debug/7zRegister.obj
         .\Debug/ArchiveExports.obj
         .\Debug/Bcj2Register.obj
         .\Debug/BcjRegister.obj
         .\Debug/BranchRegister.obj
         .\Debug/ByteSwapRegister.obj
         .\Debug/bz2Register.obj
         .\Debug/BZip2Register.obj
         .\Debug/CodecExports.obj
         .\Debug/CopyRegister.obj
         .\Debug/CreateCoder.obj
         .\Debug/Deflate64Register.obj
         .\Debug/DeflateNsisRegister.obj
         .\Debug/DeflateRegister.obj
         .\Debug/DllExports2.obj
         .\Debug/GZipRegister.obj
         .\Debug/LzhRegister.obj
         .\Debug/LzmaArcRegister.obj
         .\Debug/LzmaRegister.obj
         .\Debug/PpmdRegister.obj
         .\Debug/RarCodecsRegister.obj
         .\Debug/RarRegister.obj
         .\Debug/SplitRegister.obj
         .\Debug/TarRegister.obj
         .\Debug/ZipRegister.obj
         7zip.vcxproj -> D:\SVN\Gens-rr\ gens-rerecording\Gens\7z\.\Debug\lib7zip.lib
       FinalizeBuildStatus:
         Deleting file ".\Debug\lib7zip.unsuccessfulbuild".
         Touching ".\Debug\lib7zip.lastbuildstate".
     1>Done Building Project "D:\SVN\Gens-rr\ gens-rerecording\Gens\7z\7zip.vcxproj" (rebuild target(s)).

Build succeeded.

Time Elapsed 00:00:28.15
