D:\SVN\Gens-rr\ gens-rerecording\Gens\7z\.\Debug\lib7zip.lib
D:\SVN\GENS-RR\ GENS-RERECORDING\GENS\7Z\DEBUG\7Z.PCH
D:\SVN\GENS-RR\ GENS-RERECORDING\GENS\7Z\DEBUG\7ZAES.OBJ
D:\SVN\GENS-RR\ GENS-RERECORDING\GENS\7Z\DEBUG\7ZAESREGISTER.OBJ
D:\SVN\GENS-RR\ GENS-RERECORDING\GENS\7Z\DEBUG\7ZCOMPRESSIONMODE.OBJ
D:\SVN\GENS-RR\ GENS-RERECORDING\GENS\7Z\DEBUG\7ZCRC.OBJ
D:\SVN\GENS-RR\ GENS-RERECORDING\GENS\7Z\DEBUG\7ZDECODE.OBJ
D:\SVN\GENS-RR\ GENS-RERECORDING\GENS\7Z\DEBUG\7ZEXTRACT.OBJ
D:\SVN\GENS-RR\ GENS-RERECORDING\GENS\7Z\DEBUG\7ZFOLDERINSTREAM.OBJ
D:\SVN\GENS-RR\ GENS-RERECORDING\GENS\7Z\DEBUG\7ZFOLDEROUTSTREAM.OBJ
D:\SVN\GENS-RR\ GENS-RERECORDING\GENS\7Z\DEBUG\7ZHANDLER.OBJ
D:\SVN\GENS-RR\ GENS-RERECORDING\GENS\7Z\DEBUG\7ZHEADER.OBJ
D:\SVN\GENS-RR\ GENS-RERECORDING\GENS\7Z\DEBUG\7ZIN.OBJ
D:\SVN\GENS-RR\ GENS-RERECORDING\GENS\7Z\DEBUG\7ZPROPERTIES.OBJ
D:\SVN\GENS-RR\ GENS-RERECORDING\GENS\7Z\DEBUG\7ZREGISTER.OBJ
D:\SVN\GENS-RR\ GENS-RERECORDING\GENS\7Z\DEBUG\7ZSPECSTREAM.OBJ
D:\SVN\GENS-RR\ GENS-RERECORDING\GENS\7Z\DEBUG\AES.OBJ
D:\SVN\GENS-RR\ GENS-RERECORDING\GENS\7Z\DEBUG\ALLOC.OBJ
D:\SVN\GENS-RR\ GENS-RERECORDING\GENS\7Z\DEBUG\ARCHIVEEXPORTS.OBJ
D:\SVN\GENS-RR\ GENS-RERECORDING\GENS\7Z\DEBUG\BCJ2CODER.OBJ
D:\SVN\GENS-RR\ GENS-RERECORDING\GENS\7Z\DEBUG\BCJ2REGISTER.OBJ
D:\SVN\GENS-RR\ GENS-RERECORDING\GENS\7Z\DEBUG\BCJCODER.OBJ
D:\SVN\GENS-RR\ GENS-RERECORDING\GENS\7Z\DEBUG\BCJREGISTER.OBJ
D:\SVN\GENS-RR\ GENS-RERECORDING\GENS\7Z\DEBUG\BITLDECODER.OBJ
D:\SVN\GENS-RR\ GENS-RERECORDING\GENS\7Z\DEBUG\BRA.OBJ
D:\SVN\GENS-RR\ GENS-RERECORDING\GENS\7Z\DEBUG\BRA86.OBJ
D:\SVN\GENS-RR\ GENS-RERECORDING\GENS\7Z\DEBUG\BRAIA64.OBJ
D:\SVN\GENS-RR\ GENS-RERECORDING\GENS\7Z\DEBUG\BRANCHCODER.OBJ
D:\SVN\GENS-RR\ GENS-RERECORDING\GENS\7Z\DEBUG\BRANCHMISC.OBJ
D:\SVN\GENS-RR\ GENS-RERECORDING\GENS\7Z\DEBUG\BRANCHREGISTER.OBJ
D:\SVN\GENS-RR\ GENS-RERECORDING\GENS\7Z\DEBUG\BWTSORT.OBJ
D:\SVN\GENS-RR\ GENS-RERECORDING\GENS\7Z\DEBUG\BYTESWAP.OBJ
D:\SVN\GENS-RR\ GENS-RERECORDING\GENS\7Z\DEBUG\BYTESWAPREGISTER.OBJ
D:\SVN\GENS-RR\ GENS-RERECORDING\GENS\7Z\DEBUG\BZ2REGISTER.OBJ
D:\SVN\GENS-RR\ GENS-RERECORDING\GENS\7Z\DEBUG\BZIP2CRC.OBJ
D:\SVN\GENS-RR\ GENS-RERECORDING\GENS\7Z\DEBUG\BZIP2DECODER.OBJ
D:\SVN\GENS-RR\ GENS-RERECORDING\GENS\7Z\DEBUG\BZIP2HANDLER.OBJ
D:\SVN\GENS-RR\ GENS-RERECORDING\GENS\7Z\DEBUG\BZIP2REGISTER.OBJ
D:\SVN\Gens-rr\ gens-rerecording\Gens\7z\Debug\cl.command.1.tlog
D:\SVN\Gens-rr\ gens-rerecording\Gens\7z\Debug\CL.read.1.tlog
D:\SVN\Gens-rr\ gens-rerecording\Gens\7z\Debug\CL.write.1.tlog
D:\SVN\GENS-RR\ GENS-RERECORDING\GENS\7Z\DEBUG\CODECEXPORTS.OBJ
D:\SVN\GENS-RR\ GENS-RERECORDING\GENS\7Z\DEBUG\CODERMIXER2.OBJ
D:\SVN\GENS-RR\ GENS-RERECORDING\GENS\7Z\DEBUG\CODERMIXER2MT.OBJ
D:\SVN\GENS-RR\ GENS-RERECORDING\GENS\7Z\DEBUG\COPYCODER.OBJ
D:\SVN\GENS-RR\ GENS-RERECORDING\GENS\7Z\DEBUG\COPYREGISTER.OBJ
D:\SVN\GENS-RR\ GENS-RERECORDING\GENS\7Z\DEBUG\CRC.OBJ
D:\SVN\GENS-RR\ GENS-RERECORDING\GENS\7Z\DEBUG\CREATECODER.OBJ
D:\SVN\GENS-RR\ GENS-RERECORDING\GENS\7Z\DEBUG\DEFLATE64REGISTER.OBJ
D:\SVN\GENS-RR\ GENS-RERECORDING\GENS\7Z\DEBUG\DEFLATEDECODER.OBJ
D:\SVN\GENS-RR\ GENS-RERECORDING\GENS\7Z\DEBUG\DEFLATENSISREGISTER.OBJ
D:\SVN\GENS-RR\ GENS-RERECORDING\GENS\7Z\DEBUG\DEFLATEREGISTER.OBJ
D:\SVN\GENS-RR\ GENS-RERECORDING\GENS\7Z\DEBUG\DLLEXPORTS2.OBJ
D:\SVN\GENS-RR\ GENS-RERECORDING\GENS\7Z\DEBUG\DUMMYOUTSTREAM.OBJ
D:\SVN\GENS-RR\ GENS-RERECORDING\GENS\7Z\DEBUG\FILEDIR.OBJ
D:\SVN\GENS-RR\ GENS-RERECORDING\GENS\7Z\DEBUG\FILEFIND.OBJ
D:\SVN\GENS-RR\ GENS-RERECORDING\GENS\7Z\DEBUG\FILEIO.OBJ
D:\SVN\GENS-RR\ GENS-RERECORDING\GENS\7Z\DEBUG\FILTERCODER.OBJ
D:\SVN\GENS-RR\ GENS-RERECORDING\GENS\7Z\DEBUG\FINDSIGNATURE.OBJ
D:\SVN\GENS-RR\ GENS-RERECORDING\GENS\7Z\DEBUG\GZIPHANDLER.OBJ
D:\SVN\GENS-RR\ GENS-RERECORDING\GENS\7Z\DEBUG\GZIPHEADER.OBJ
D:\SVN\GENS-RR\ GENS-RERECORDING\GENS\7Z\DEBUG\GZIPIN.OBJ
D:\SVN\GENS-RR\ GENS-RERECORDING\GENS\7Z\DEBUG\GZIPREGISTER.OBJ
D:\SVN\GENS-RR\ GENS-RERECORDING\GENS\7Z\DEBUG\HMACSHA1.OBJ
D:\SVN\GENS-RR\ GENS-RERECORDING\GENS\7Z\DEBUG\HUFFENC.OBJ
D:\SVN\GENS-RR\ GENS-RERECORDING\GENS\7Z\DEBUG\IMPLODEDECODER.OBJ
D:\SVN\GENS-RR\ GENS-RERECORDING\GENS\7Z\DEBUG\IMPLODEHUFFMANDECODER.OBJ
D:\SVN\GENS-RR\ GENS-RERECORDING\GENS\7Z\DEBUG\INBUFFER.OBJ
D:\SVN\GENS-RR\ GENS-RERECORDING\GENS\7Z\DEBUG\INOUTTEMPBUFFER.OBJ
D:\SVN\GENS-RR\ GENS-RERECORDING\GENS\7Z\DEBUG\INSTREAMWITHCRC.OBJ
D:\SVN\GENS-RR\ GENS-RERECORDING\GENS\7Z\DEBUG\INTTOSTRING.OBJ
D:\SVN\GENS-RR\ GENS-RERECORDING\GENS\7Z\DEBUG\ITEMNAMEUTILS.OBJ
D:\SVN\Gens-rr\ gens-rerecording\Gens\7z\Debug\lib.command.1.tlog
D:\SVN\GENS-RR\ GENS-RERECORDING\GENS\7Z\DEBUG\LIB7ZIP.LIB
D:\SVN\Gens-rr\ gens-rerecording\Gens\7z\Debug\Lib-link.read.1.tlog
D:\SVN\Gens-rr\ gens-rerecording\Gens\7z\Debug\Lib-link.write.1.tlog
D:\SVN\GENS-RR\ GENS-RERECORDING\GENS\7Z\DEBUG\LIMITEDSTREAMS.OBJ
D:\SVN\GENS-RR\ GENS-RERECORDING\GENS\7Z\DEBUG\LOCKEDSTREAM.OBJ
D:\SVN\GENS-RR\ GENS-RERECORDING\GENS\7Z\DEBUG\LZFIND.OBJ
D:\SVN\GENS-RR\ GENS-RERECORDING\GENS\7Z\DEBUG\LZFINDMT.OBJ
D:\SVN\GENS-RR\ GENS-RERECORDING\GENS\7Z\DEBUG\LZHCRC.OBJ
D:\SVN\GENS-RR\ GENS-RERECORDING\GENS\7Z\DEBUG\LZHDECODER.OBJ
D:\SVN\GENS-RR\ GENS-RERECORDING\GENS\7Z\DEBUG\LZHHANDLER.OBJ
D:\SVN\GENS-RR\ GENS-RERECORDING\GENS\7Z\DEBUG\LZHIN.OBJ
D:\SVN\GENS-RR\ GENS-RERECORDING\GENS\7Z\DEBUG\LZHOUTSTREAMWITHCRC.OBJ
D:\SVN\GENS-RR\ GENS-RERECORDING\GENS\7Z\DEBUG\LZHREGISTER.OBJ
D:\SVN\GENS-RR\ GENS-RERECORDING\GENS\7Z\DEBUG\LZMAARCREGISTER.OBJ
D:\SVN\GENS-RR\ GENS-RERECORDING\GENS\7Z\DEBUG\LZMADEC.OBJ
D:\SVN\GENS-RR\ GENS-RERECORDING\GENS\7Z\DEBUG\LZMADECODER.OBJ
D:\SVN\GENS-RR\ GENS-RERECORDING\GENS\7Z\DEBUG\LZMAENC.OBJ
D:\SVN\GENS-RR\ GENS-RERECORDING\GENS\7Z\DEBUG\LZMAFILTERSDECODE.OBJ
D:\SVN\GENS-RR\ GENS-RERECORDING\GENS\7Z\DEBUG\LZMAHANDLER.OBJ
D:\SVN\GENS-RR\ GENS-RERECORDING\GENS\7Z\DEBUG\LZMAIN.OBJ
D:\SVN\GENS-RR\ GENS-RERECORDING\GENS\7Z\DEBUG\LZMAREGISTER.OBJ
D:\SVN\GENS-RR\ GENS-RERECORDING\GENS\7Z\DEBUG\LZOUTWINDOW.OBJ
D:\SVN\GENS-RR\ GENS-RERECORDING\GENS\7Z\DEBUG\MEMBLOCKS.OBJ
D:\SVN\GENS-RR\ GENS-RERECORDING\GENS\7Z\DEBUG\METHODID.OBJ
D:\SVN\GENS-RR\ GENS-RERECORDING\GENS\7Z\DEBUG\METHODPROPS.OBJ
D:\SVN\GENS-RR\ GENS-RERECORDING\GENS\7Z\DEBUG\MULTISTREAM.OBJ
D:\SVN\GENS-RR\ GENS-RERECORDING\GENS\7Z\DEBUG\MYAES.OBJ
D:\SVN\GENS-RR\ GENS-RERECORDING\GENS\7Z\DEBUG\MYMAP.OBJ
D:\SVN\GENS-RR\ GENS-RERECORDING\GENS\7Z\DEBUG\MYSTRING.OBJ
D:\SVN\GENS-RR\ GENS-RERECORDING\GENS\7Z\DEBUG\MYVECTOR.OBJ
D:\SVN\GENS-RR\ GENS-RERECORDING\GENS\7Z\DEBUG\MYXML.OBJ
D:\SVN\GENS-RR\ GENS-RERECORDING\GENS\7Z\DEBUG\NEWHANDLER.OBJ
D:\SVN\GENS-RR\ GENS-RERECORDING\GENS\7Z\DEBUG\OFFSETSTREAM.OBJ
D:\SVN\GENS-RR\ GENS-RERECORDING\GENS\7Z\DEBUG\OUTBUFFER.OBJ
D:\SVN\GENS-RR\ GENS-RERECORDING\GENS\7Z\DEBUG\OUTMEMSTREAM.OBJ
D:\SVN\GENS-RR\ GENS-RERECORDING\GENS\7Z\DEBUG\OUTSTREAMWITHCRC.OBJ
D:\SVN\GENS-RR\ GENS-RERECORDING\GENS\7Z\DEBUG\PARSEPROPERTIES.OBJ
D:\SVN\GENS-RR\ GENS-RERECORDING\GENS\7Z\DEBUG\PBKDF2HMACSHA1.OBJ
D:\SVN\GENS-RR\ GENS-RERECORDING\GENS\7Z\DEBUG\PPMDDECODER.OBJ
D:\SVN\GENS-RR\ GENS-RERECORDING\GENS\7Z\DEBUG\PPMDREGISTER.OBJ
D:\SVN\GENS-RR\ GENS-RERECORDING\GENS\7Z\DEBUG\PROGRESSMT.OBJ
D:\SVN\GENS-RR\ GENS-RERECORDING\GENS\7Z\DEBUG\PROGRESSUTILS.OBJ
D:\SVN\GENS-RR\ GENS-RERECORDING\GENS\7Z\DEBUG\PROPVARIANT.OBJ
D:\SVN\GENS-RR\ GENS-RERECORDING\GENS\7Z\DEBUG\RANDGEN.OBJ
D:\SVN\GENS-RR\ GENS-RERECORDING\GENS\7Z\DEBUG\RAR1DECODER.OBJ
D:\SVN\GENS-RR\ GENS-RERECORDING\GENS\7Z\DEBUG\RAR20CRYPTO.OBJ
D:\SVN\GENS-RR\ GENS-RERECORDING\GENS\7Z\DEBUG\RAR2DECODER.OBJ
D:\SVN\GENS-RR\ GENS-RERECORDING\GENS\7Z\DEBUG\RAR3DECODER.OBJ
D:\SVN\GENS-RR\ GENS-RERECORDING\GENS\7Z\DEBUG\RAR3VM.OBJ
D:\SVN\GENS-RR\ GENS-RERECORDING\GENS\7Z\DEBUG\RARAES.OBJ
D:\SVN\GENS-RR\ GENS-RERECORDING\GENS\7Z\DEBUG\RARCODECSREGISTER.OBJ
D:\SVN\GENS-RR\ GENS-RERECORDING\GENS\7Z\DEBUG\RARHANDLER.OBJ
D:\SVN\GENS-RR\ GENS-RERECORDING\GENS\7Z\DEBUG\RARHEADER.OBJ
D:\SVN\GENS-RR\ GENS-RERECORDING\GENS\7Z\DEBUG\RARIN.OBJ
D:\SVN\GENS-RR\ GENS-RERECORDING\GENS\7Z\DEBUG\RARITEM.OBJ
D:\SVN\GENS-RR\ GENS-RERECORDING\GENS\7Z\DEBUG\RARREGISTER.OBJ
D:\SVN\GENS-RR\ GENS-RERECORDING\GENS\7Z\DEBUG\RARVOLUMEINSTREAM.OBJ
D:\SVN\GENS-RR\ GENS-RERECORDING\GENS\7Z\DEBUG\SHA1.OBJ
D:\SVN\GENS-RR\ GENS-RERECORDING\GENS\7Z\DEBUG\SHA256.OBJ
D:\SVN\GENS-RR\ GENS-RERECORDING\GENS\7Z\DEBUG\SHRINKDECODER.OBJ
D:\SVN\GENS-RR\ GENS-RERECORDING\GENS\7Z\DEBUG\SORT.OBJ
D:\SVN\GENS-RR\ GENS-RERECORDING\GENS\7Z\DEBUG\SPLITHANDLER.OBJ
D:\SVN\GENS-RR\ GENS-RERECORDING\GENS\7Z\DEBUG\SPLITREGISTER.OBJ
D:\SVN\GENS-RR\ GENS-RERECORDING\GENS\7Z\DEBUG\STREAMBINDER.OBJ
D:\SVN\GENS-RR\ GENS-RERECORDING\GENS\7Z\DEBUG\STREAMOBJECTS.OBJ
D:\SVN\GENS-RR\ GENS-RERECORDING\GENS\7Z\DEBUG\STREAMUTILS.OBJ
D:\SVN\GENS-RR\ GENS-RERECORDING\GENS\7Z\DEBUG\STRINGCONVERT.OBJ
D:\SVN\GENS-RR\ GENS-RERECORDING\GENS\7Z\DEBUG\STRINGTOINT.OBJ
D:\SVN\GENS-RR\ GENS-RERECORDING\GENS\7Z\DEBUG\TARHANDLER.OBJ
D:\SVN\GENS-RR\ GENS-RERECORDING\GENS\7Z\DEBUG\TARHEADER.OBJ
D:\SVN\GENS-RR\ GENS-RERECORDING\GENS\7Z\DEBUG\TARIN.OBJ
D:\SVN\GENS-RR\ GENS-RERECORDING\GENS\7Z\DEBUG\TARREGISTER.OBJ
D:\SVN\GENS-RR\ GENS-RERECORDING\GENS\7Z\DEBUG\THREADS.OBJ
D:\SVN\GENS-RR\ GENS-RERECORDING\GENS\7Z\DEBUG\TIME.OBJ
D:\SVN\GENS-RR\ GENS-RERECORDING\GENS\7Z\DEBUG\UTFCONVERT.OBJ
D:\SVN\GENS-RR\ GENS-RERECORDING\GENS\7Z\DEBUG\VC100.PDB
D:\SVN\Gens-rr\ gens-rerecording\Gens\7z\Debug\vc90.idb
D:\SVN\Gens-rr\ gens-rerecording\Gens\7z\Debug\vc90.pdb
D:\SVN\GENS-RR\ GENS-RERECORDING\GENS\7Z\DEBUG\VIRTTHREAD.OBJ
D:\SVN\GENS-RR\ GENS-RERECORDING\GENS\7Z\DEBUG\WILDCARD.OBJ
D:\SVN\GENS-RR\ GENS-RERECORDING\GENS\7Z\DEBUG\WZAES.OBJ
D:\SVN\GENS-RR\ GENS-RERECORDING\GENS\7Z\DEBUG\ZIPCRYPTO.OBJ
D:\SVN\GENS-RR\ GENS-RERECORDING\GENS\7Z\DEBUG\ZIPHANDLER.OBJ
D:\SVN\GENS-RR\ GENS-RERECORDING\GENS\7Z\DEBUG\ZIPHEADER.OBJ
D:\SVN\GENS-RR\ GENS-RERECORDING\GENS\7Z\DEBUG\ZIPIN.OBJ
D:\SVN\GENS-RR\ GENS-RERECORDING\GENS\7Z\DEBUG\ZIPITEM.OBJ
D:\SVN\GENS-RR\ GENS-RERECORDING\GENS\7Z\DEBUG\ZIPREGISTER.OBJ
D:\SVN\GENS-RR\ GENS-RERECORDING\GENS\7Z\DEBUG\ZIPSTRONG.OBJ
D:\SVN\GENS-RR\ GENS-RERECORDING\GENS\7Z\DEBUG\ZLIBDECODER.OBJ
