D:\SVN\Gens-rr\ gens-rerecording\Gens\7z\.\Release\lib7zip.lib
D:\SVN\GENS-RR\ GENS-RERECORDING\GENS\7Z\RELEASE\7Z.PCH
D:\SVN\GENS-RR\ GENS-RERECORDING\GENS\7Z\RELEASE\7ZAES.OBJ
D:\SVN\GENS-RR\ GENS-RERECORDING\GENS\7Z\RELEASE\7ZAESREGISTER.OBJ
D:\SVN\GENS-RR\ GENS-RERECORDING\GENS\7Z\RELEASE\7ZCOMPRESSIONMODE.OBJ
D:\SVN\GENS-RR\ GENS-RERECORDING\GENS\7Z\RELEASE\7ZCRC.OBJ
D:\SVN\GENS-RR\ GENS-RERECORDING\GENS\7Z\RELEASE\7ZDECODE.OBJ
D:\SVN\GENS-RR\ GENS-RERECORDING\GENS\7Z\RELEASE\7ZEXTRACT.OBJ
D:\SVN\GENS-RR\ GENS-RERECORDING\GENS\7Z\RELEASE\7ZFOLDERINSTREAM.OBJ
D:\SVN\GENS-RR\ GENS-RERECORDING\GENS\7Z\RELEASE\7ZFOLDEROUTSTREAM.OBJ
D:\SVN\GENS-RR\ GENS-RERECORDING\GENS\7Z\RELEASE\7ZHANDLER.OBJ
D:\SVN\GENS-RR\ GENS-RERECORDING\GENS\7Z\RELEASE\7ZHEADER.OBJ
D:\SVN\GENS-RR\ GENS-RERECORDING\GENS\7Z\RELEASE\7ZIN.OBJ
D:\SVN\GENS-RR\ GENS-RERECORDING\GENS\7Z\RELEASE\7ZPROPERTIES.OBJ
D:\SVN\GENS-RR\ GENS-RERECORDING\GENS\7Z\RELEASE\7ZREGISTER.OBJ
D:\SVN\GENS-RR\ GENS-RERECORDING\GENS\7Z\RELEASE\7ZSPECSTREAM.OBJ
D:\SVN\GENS-RR\ GENS-RERECORDING\GENS\7Z\RELEASE\AES.OBJ
D:\SVN\GENS-RR\ GENS-RERECORDING\GENS\7Z\RELEASE\ALLOC.OBJ
D:\SVN\GENS-RR\ GENS-RERECORDING\GENS\7Z\RELEASE\ARCHIVEEXPORTS.OBJ
D:\SVN\GENS-RR\ GENS-RERECORDING\GENS\7Z\RELEASE\BCJ2CODER.OBJ
D:\SVN\GENS-RR\ GENS-RERECORDING\GENS\7Z\RELEASE\BCJ2REGISTER.OBJ
D:\SVN\GENS-RR\ GENS-RERECORDING\GENS\7Z\RELEASE\BCJCODER.OBJ
D:\SVN\GENS-RR\ GENS-RERECORDING\GENS\7Z\RELEASE\BCJREGISTER.OBJ
D:\SVN\GENS-RR\ GENS-RERECORDING\GENS\7Z\RELEASE\BITLDECODER.OBJ
D:\SVN\GENS-RR\ GENS-RERECORDING\GENS\7Z\RELEASE\BRA.OBJ
D:\SVN\GENS-RR\ GENS-RERECORDING\GENS\7Z\RELEASE\BRA86.OBJ
D:\SVN\GENS-RR\ GENS-RERECORDING\GENS\7Z\RELEASE\BRAIA64.OBJ
D:\SVN\GENS-RR\ GENS-RERECORDING\GENS\7Z\RELEASE\BRANCHCODER.OBJ
D:\SVN\GENS-RR\ GENS-RERECORDING\GENS\7Z\RELEASE\BRANCHMISC.OBJ
D:\SVN\GENS-RR\ GENS-RERECORDING\GENS\7Z\RELEASE\BRANCHREGISTER.OBJ
D:\SVN\GENS-RR\ GENS-RERECORDING\GENS\7Z\RELEASE\BWTSORT.OBJ
D:\SVN\GENS-RR\ GENS-RERECORDING\GENS\7Z\RELEASE\BYTESWAP.OBJ
D:\SVN\GENS-RR\ GENS-RERECORDING\GENS\7Z\RELEASE\BYTESWAPREGISTER.OBJ
D:\SVN\GENS-RR\ GENS-RERECORDING\GENS\7Z\RELEASE\BZ2REGISTER.OBJ
D:\SVN\GENS-RR\ GENS-RERECORDING\GENS\7Z\RELEASE\BZIP2CRC.OBJ
D:\SVN\GENS-RR\ GENS-RERECORDING\GENS\7Z\RELEASE\BZIP2DECODER.OBJ
D:\SVN\GENS-RR\ GENS-RERECORDING\GENS\7Z\RELEASE\BZIP2HANDLER.OBJ
D:\SVN\GENS-RR\ GENS-RERECORDING\GENS\7Z\RELEASE\BZIP2REGISTER.OBJ
D:\SVN\Gens-rr\ gens-rerecording\Gens\7z\Release\cl.command.1.tlog
D:\SVN\Gens-rr\ gens-rerecording\Gens\7z\Release\CL.read.1.tlog
D:\SVN\Gens-rr\ gens-rerecording\Gens\7z\Release\CL.write.1.tlog
D:\SVN\GENS-RR\ GENS-RERECORDING\GENS\7Z\RELEASE\CODECEXPORTS.OBJ
D:\SVN\GENS-RR\ GENS-RERECORDING\GENS\7Z\RELEASE\CODERMIXER2.OBJ
D:\SVN\GENS-RR\ GENS-RERECORDING\GENS\7Z\RELEASE\CODERMIXER2MT.OBJ
D:\SVN\GENS-RR\ GENS-RERECORDING\GENS\7Z\RELEASE\COPYCODER.OBJ
D:\SVN\GENS-RR\ GENS-RERECORDING\GENS\7Z\RELEASE\COPYREGISTER.OBJ
D:\SVN\GENS-RR\ GENS-RERECORDING\GENS\7Z\RELEASE\CRC.OBJ
D:\SVN\GENS-RR\ GENS-RERECORDING\GENS\7Z\RELEASE\CREATECODER.OBJ
D:\SVN\GENS-RR\ GENS-RERECORDING\GENS\7Z\RELEASE\DEFLATE64REGISTER.OBJ
D:\SVN\GENS-RR\ GENS-RERECORDING\GENS\7Z\RELEASE\DEFLATEDECODER.OBJ
D:\SVN\GENS-RR\ GENS-RERECORDING\GENS\7Z\RELEASE\DEFLATENSISREGISTER.OBJ
D:\SVN\GENS-RR\ GENS-RERECORDING\GENS\7Z\RELEASE\DEFLATEREGISTER.OBJ
D:\SVN\GENS-RR\ GENS-RERECORDING\GENS\7Z\RELEASE\DLLEXPORTS2.OBJ
D:\SVN\GENS-RR\ GENS-RERECORDING\GENS\7Z\RELEASE\DUMMYOUTSTREAM.OBJ
D:\SVN\GENS-RR\ GENS-RERECORDING\GENS\7Z\RELEASE\FILEDIR.OBJ
D:\SVN\GENS-RR\ GENS-RERECORDING\GENS\7Z\RELEASE\FILEFIND.OBJ
D:\SVN\GENS-RR\ GENS-RERECORDING\GENS\7Z\RELEASE\FILEIO.OBJ
D:\SVN\GENS-RR\ GENS-RERECORDING\GENS\7Z\RELEASE\FILTERCODER.OBJ
D:\SVN\GENS-RR\ GENS-RERECORDING\GENS\7Z\RELEASE\FINDSIGNATURE.OBJ
D:\SVN\GENS-RR\ GENS-RERECORDING\GENS\7Z\RELEASE\GZIPHANDLER.OBJ
D:\SVN\GENS-RR\ GENS-RERECORDING\GENS\7Z\RELEASE\GZIPHEADER.OBJ
D:\SVN\GENS-RR\ GENS-RERECORDING\GENS\7Z\RELEASE\GZIPIN.OBJ
D:\SVN\GENS-RR\ GENS-RERECORDING\GENS\7Z\RELEASE\GZIPREGISTER.OBJ
D:\SVN\GENS-RR\ GENS-RERECORDING\GENS\7Z\RELEASE\HMACSHA1.OBJ
D:\SVN\GENS-RR\ GENS-RERECORDING\GENS\7Z\RELEASE\HUFFENC.OBJ
D:\SVN\GENS-RR\ GENS-RERECORDING\GENS\7Z\RELEASE\IMPLODEDECODER.OBJ
D:\SVN\GENS-RR\ GENS-RERECORDING\GENS\7Z\RELEASE\IMPLODEHUFFMANDECODER.OBJ
D:\SVN\GENS-RR\ GENS-RERECORDING\GENS\7Z\RELEASE\INBUFFER.OBJ
D:\SVN\GENS-RR\ GENS-RERECORDING\GENS\7Z\RELEASE\INOUTTEMPBUFFER.OBJ
D:\SVN\GENS-RR\ GENS-RERECORDING\GENS\7Z\RELEASE\INSTREAMWITHCRC.OBJ
D:\SVN\GENS-RR\ GENS-RERECORDING\GENS\7Z\RELEASE\INTTOSTRING.OBJ
D:\SVN\GENS-RR\ GENS-RERECORDING\GENS\7Z\RELEASE\ITEMNAMEUTILS.OBJ
D:\SVN\Gens-rr\ gens-rerecording\Gens\7z\Release\lib.command.1.tlog
D:\SVN\GENS-RR\ GENS-RERECORDING\GENS\7Z\RELEASE\LIB7ZIP.LIB
D:\SVN\Gens-rr\ gens-rerecording\Gens\7z\Release\Lib-link.read.1.tlog
D:\SVN\Gens-rr\ gens-rerecording\Gens\7z\Release\Lib-link.write.1.tlog
D:\SVN\GENS-RR\ GENS-RERECORDING\GENS\7Z\RELEASE\LIMITEDSTREAMS.OBJ
D:\SVN\GENS-RR\ GENS-RERECORDING\GENS\7Z\RELEASE\LOCKEDSTREAM.OBJ
D:\SVN\GENS-RR\ GENS-RERECORDING\GENS\7Z\RELEASE\LZFIND.OBJ
D:\SVN\GENS-RR\ GENS-RERECORDING\GENS\7Z\RELEASE\LZFINDMT.OBJ
D:\SVN\GENS-RR\ GENS-RERECORDING\GENS\7Z\RELEASE\LZHCRC.OBJ
D:\SVN\GENS-RR\ GENS-RERECORDING\GENS\7Z\RELEASE\LZHDECODER.OBJ
D:\SVN\GENS-RR\ GENS-RERECORDING\GENS\7Z\RELEASE\LZHHANDLER.OBJ
D:\SVN\GENS-RR\ GENS-RERECORDING\GENS\7Z\RELEASE\LZHIN.OBJ
D:\SVN\GENS-RR\ GENS-RERECORDING\GENS\7Z\RELEASE\LZHOUTSTREAMWITHCRC.OBJ
D:\SVN\GENS-RR\ GENS-RERECORDING\GENS\7Z\RELEASE\LZHREGISTER.OBJ
D:\SVN\GENS-RR\ GENS-RERECORDING\GENS\7Z\RELEASE\LZMAARCREGISTER.OBJ
D:\SVN\GENS-RR\ GENS-RERECORDING\GENS\7Z\RELEASE\LZMADEC.OBJ
D:\SVN\GENS-RR\ GENS-RERECORDING\GENS\7Z\RELEASE\LZMADECODER.OBJ
D:\SVN\GENS-RR\ GENS-RERECORDING\GENS\7Z\RELEASE\LZMAENC.OBJ
D:\SVN\GENS-RR\ GENS-RERECORDING\GENS\7Z\RELEASE\LZMAFILTERSDECODE.OBJ
D:\SVN\GENS-RR\ GENS-RERECORDING\GENS\7Z\RELEASE\LZMAHANDLER.OBJ
D:\SVN\GENS-RR\ GENS-RERECORDING\GENS\7Z\RELEASE\LZMAIN.OBJ
D:\SVN\GENS-RR\ GENS-RERECORDING\GENS\7Z\RELEASE\LZMAREGISTER.OBJ
D:\SVN\GENS-RR\ GENS-RERECORDING\GENS\7Z\RELEASE\LZOUTWINDOW.OBJ
D:\SVN\GENS-RR\ GENS-RERECORDING\GENS\7Z\RELEASE\MEMBLOCKS.OBJ
D:\SVN\GENS-RR\ GENS-RERECORDING\GENS\7Z\RELEASE\METHODID.OBJ
D:\SVN\GENS-RR\ GENS-RERECORDING\GENS\7Z\RELEASE\METHODPROPS.OBJ
D:\SVN\GENS-RR\ GENS-RERECORDING\GENS\7Z\RELEASE\MULTISTREAM.OBJ
D:\SVN\GENS-RR\ GENS-RERECORDING\GENS\7Z\RELEASE\MYAES.OBJ
D:\SVN\GENS-RR\ GENS-RERECORDING\GENS\7Z\RELEASE\MYMAP.OBJ
D:\SVN\GENS-RR\ GENS-RERECORDING\GENS\7Z\RELEASE\MYSTRING.OBJ
D:\SVN\GENS-RR\ GENS-RERECORDING\GENS\7Z\RELEASE\MYVECTOR.OBJ
D:\SVN\GENS-RR\ GENS-RERECORDING\GENS\7Z\RELEASE\MYXML.OBJ
D:\SVN\GENS-RR\ GENS-RERECORDING\GENS\7Z\RELEASE\NEWHANDLER.OBJ
D:\SVN\GENS-RR\ GENS-RERECORDING\GENS\7Z\RELEASE\OFFSETSTREAM.OBJ
D:\SVN\GENS-RR\ GENS-RERECORDING\GENS\7Z\RELEASE\OUTBUFFER.OBJ
D:\SVN\GENS-RR\ GENS-RERECORDING\GENS\7Z\RELEASE\OUTMEMSTREAM.OBJ
D:\SVN\GENS-RR\ GENS-RERECORDING\GENS\7Z\RELEASE\OUTSTREAMWITHCRC.OBJ
D:\SVN\GENS-RR\ GENS-RERECORDING\GENS\7Z\RELEASE\PARSEPROPERTIES.OBJ
D:\SVN\GENS-RR\ GENS-RERECORDING\GENS\7Z\RELEASE\PBKDF2HMACSHA1.OBJ
D:\SVN\GENS-RR\ GENS-RERECORDING\GENS\7Z\RELEASE\PPMDDECODER.OBJ
D:\SVN\GENS-RR\ GENS-RERECORDING\GENS\7Z\RELEASE\PPMDREGISTER.OBJ
D:\SVN\GENS-RR\ GENS-RERECORDING\GENS\7Z\RELEASE\PROGRESSMT.OBJ
D:\SVN\GENS-RR\ GENS-RERECORDING\GENS\7Z\RELEASE\PROGRESSUTILS.OBJ
D:\SVN\GENS-RR\ GENS-RERECORDING\GENS\7Z\RELEASE\PROPVARIANT.OBJ
D:\SVN\GENS-RR\ GENS-RERECORDING\GENS\7Z\RELEASE\RANDGEN.OBJ
D:\SVN\GENS-RR\ GENS-RERECORDING\GENS\7Z\RELEASE\RAR1DECODER.OBJ
D:\SVN\GENS-RR\ GENS-RERECORDING\GENS\7Z\RELEASE\RAR20CRYPTO.OBJ
D:\SVN\GENS-RR\ GENS-RERECORDING\GENS\7Z\RELEASE\RAR2DECODER.OBJ
D:\SVN\GENS-RR\ GENS-RERECORDING\GENS\7Z\RELEASE\RAR3DECODER.OBJ
D:\SVN\GENS-RR\ GENS-RERECORDING\GENS\7Z\RELEASE\RAR3VM.OBJ
D:\SVN\GENS-RR\ GENS-RERECORDING\GENS\7Z\RELEASE\RARAES.OBJ
D:\SVN\GENS-RR\ GENS-RERECORDING\GENS\7Z\RELEASE\RARCODECSREGISTER.OBJ
D:\SVN\GENS-RR\ GENS-RERECORDING\GENS\7Z\RELEASE\RARHANDLER.OBJ
D:\SVN\GENS-RR\ GENS-RERECORDING\GENS\7Z\RELEASE\RARHEADER.OBJ
D:\SVN\GENS-RR\ GENS-RERECORDING\GENS\7Z\RELEASE\RARIN.OBJ
D:\SVN\GENS-RR\ GENS-RERECORDING\GENS\7Z\RELEASE\RARITEM.OBJ
D:\SVN\GENS-RR\ GENS-RERECORDING\GENS\7Z\RELEASE\RARREGISTER.OBJ
D:\SVN\GENS-RR\ GENS-RERECORDING\GENS\7Z\RELEASE\RARVOLUMEINSTREAM.OBJ
D:\SVN\GENS-RR\ GENS-RERECORDING\GENS\7Z\RELEASE\SHA1.OBJ
D:\SVN\GENS-RR\ GENS-RERECORDING\GENS\7Z\RELEASE\SHA256.OBJ
D:\SVN\GENS-RR\ GENS-RERECORDING\GENS\7Z\RELEASE\SHRINKDECODER.OBJ
D:\SVN\GENS-RR\ GENS-RERECORDING\GENS\7Z\RELEASE\SORT.OBJ
D:\SVN\GENS-RR\ GENS-RERECORDING\GENS\7Z\RELEASE\SPLITHANDLER.OBJ
D:\SVN\GENS-RR\ GENS-RERECORDING\GENS\7Z\RELEASE\SPLITREGISTER.OBJ
D:\SVN\GENS-RR\ GENS-RERECORDING\GENS\7Z\RELEASE\STREAMBINDER.OBJ
D:\SVN\GENS-RR\ GENS-RERECORDING\GENS\7Z\RELEASE\STREAMOBJECTS.OBJ
D:\SVN\GENS-RR\ GENS-RERECORDING\GENS\7Z\RELEASE\STREAMUTILS.OBJ
D:\SVN\GENS-RR\ GENS-RERECORDING\GENS\7Z\RELEASE\STRINGCONVERT.OBJ
D:\SVN\GENS-RR\ GENS-RERECORDING\GENS\7Z\RELEASE\STRINGTOINT.OBJ
D:\SVN\GENS-RR\ GENS-RERECORDING\GENS\7Z\RELEASE\TARHANDLER.OBJ
D:\SVN\GENS-RR\ GENS-RERECORDING\GENS\7Z\RELEASE\TARHEADER.OBJ
D:\SVN\GENS-RR\ GENS-RERECORDING\GENS\7Z\RELEASE\TARIN.OBJ
D:\SVN\GENS-RR\ GENS-RERECORDING\GENS\7Z\RELEASE\TARREGISTER.OBJ
D:\SVN\GENS-RR\ GENS-RERECORDING\GENS\7Z\RELEASE\THREADS.OBJ
D:\SVN\GENS-RR\ GENS-RERECORDING\GENS\7Z\RELEASE\TIME.OBJ
D:\SVN\GENS-RR\ GENS-RERECORDING\GENS\7Z\RELEASE\UTFCONVERT.OBJ
D:\SVN\GENS-RR\ GENS-RERECORDING\GENS\7Z\RELEASE\VC100.PDB
D:\SVN\Gens-rr\ gens-rerecording\Gens\7z\Release\vc90.idb
D:\SVN\Gens-rr\ gens-rerecording\Gens\7z\Release\vc90.pdb
D:\SVN\GENS-RR\ GENS-RERECORDING\GENS\7Z\RELEASE\VIRTTHREAD.OBJ
D:\SVN\GENS-RR\ GENS-RERECORDING\GENS\7Z\RELEASE\WILDCARD.OBJ
D:\SVN\GENS-RR\ GENS-RERECORDING\GENS\7Z\RELEASE\WZAES.OBJ
D:\SVN\GENS-RR\ GENS-RERECORDING\GENS\7Z\RELEASE\ZIPCRYPTO.OBJ
D:\SVN\GENS-RR\ GENS-RERECORDING\GENS\7Z\RELEASE\ZIPHANDLER.OBJ
D:\SVN\GENS-RR\ GENS-RERECORDING\GENS\7Z\RELEASE\ZIPHEADER.OBJ
D:\SVN\GENS-RR\ GENS-RERECORDING\GENS\7Z\RELEASE\ZIPIN.OBJ
D:\SVN\GENS-RR\ GENS-RERECORDING\GENS\7Z\RELEASE\ZIPITEM.OBJ
D:\SVN\GENS-RR\ GENS-RERECORDING\GENS\7Z\RELEASE\ZIPREGISTER.OBJ
D:\SVN\GENS-RR\ GENS-RERECORDING\GENS\7Z\RELEASE\ZIPSTRONG.OBJ
D:\SVN\GENS-RR\ GENS-RERECORDING\GENS\7Z\RELEASE\ZLIBDECODER.OBJ
